<?xml version="1.0" encoding="UTF-8" ?>
<testsuite tests="18" failures="0" name="fundtransfer.test.RunCukesTest" time="3.795" errors="0" skipped="0">
  <properties>
[...]
</properties>
  <testcase classname="Given the user is on Fund Transfer Page   " name="Given the user is on Fund Transfer Page   " time="0.007"/>
  <testcase classname="When he enters &quot;Jim&quot; as payee name    " name="When he enters &quot;Jim&quot; as payee name    " time="0"/>
  <testcase classname="And he enters &quot;100&quot; as amount     " name="And he enters &quot;100&quot; as amount     " time="0"/>
  <testcase classname="And he Submits request for Fund Transfer      " name="And he Submits request for Fund Transfer      " time="0"/>
  <testcase classname="Then ensure the fund transfer is complete with &quot;$100 transferred successfully to Jim!!&quot; message       " name="Then ensure the fund transfer is complete with &quot;$100 transferred successfully to Jim!!&quot; message       " time="0"/>
  <testcase classname="Scenario: Valid Payee  " name="Scenario: Valid Payee  " time="1.364"/>
  <testcase classname="Given the user is on Fund Transfer Page         " name="Given the user is on Fund Transfer Page         " time="0"/>
  <testcase classname="When he enters &quot;Jack&quot; as payee name          " name="When he enters &quot;Jack&quot; as payee name          " time="0"/>
  <testcase classname="And he enters &quot;100&quot; as amount           " name="And he enters &quot;100&quot; as amount           " time="0"/>
  <testcase classname="And he Submits request for Fund Transfer            " name="And he Submits request for Fund Transfer            " time="0"/>
  <testcase classname="Then ensure a transaction failure message &quot;Transfer failed!! &apos;Jack&apos; is not registered in your List of Payees&quot; is displayed             " name="Then ensure a transaction failure message &quot;Transfer failed!! &apos;Jack&apos; is not registered in your List of Payees&quot; is displayed             " time="0"/>
  <testcase classname="Scenario: Invalid Payee        " name="Scenario: Invalid Payee        " time="1.205"/>
  <testcase classname="Given the user is on Fund Transfer Page               " name="Given the user is on Fund Transfer Page               " time="0"/>
  <testcase classname="When he enters &quot;Tim&quot; as payee name                " name="When he enters &quot;Tim&quot; as payee name                " time="0"/>
  <testcase classname="And he enters &quot;1000000&quot; as amount                 " name="And he enters &quot;1000000&quot; as amount                 " time="0"/>
  <testcase classname="And he Submits request for Fund Transfer                  " name="And he Submits request for Fund Transfer                  " time="0"/>
  <testcase classname="Then ensure a transaction failure message &quot;Transfer failed!! account cannot be overdrawn&quot; is displayed                   " name="Then ensure a transaction failure message &quot;Transfer failed!! account cannot be overdrawn&quot; is displayed                   " time="0"/>
  <testcase classname="Scenario: Account is overdrawn past the overdraft limit              " name="Scenario: Account is overdrawn past the overdraft limit              " time="1.219"/>
</testsuite>